
> marki15-backend@1.0.0 dev
> nodemon server.js

[33m[nodemon] 3.1.14[39m
[33m[nodemon] to restart at any time, enter `rs`[39m
[33m[nodemon] watching path(s): *.*[39m
[33m[nodemon] watching extensions: js,mjs,cjs,json[39m
[32m[nodemon] starting `node server.js`[39m
warn: DeprecationWarning: The Parse Server option 'fileUpload.allowedFileUrlDomains' default will change to '[]' in a future version. Set 'fileUpload.allowedFileUrlDomains' to the domains you want to allow, or to '[]' to block all file URLs.
warn: DeprecationWarning: The Parse Server option 'pages.encodePageParamHeaders' default will change to 'true' in a future version. Set 'pages.encodePageParamHeaders' to 'true' to URI-encode non-ASCII characters in page parameter headers.
warn: DeprecationWarning: The Parse Server option 'readOnlyMasterKeyIps' default will change to '["127.0.0.1", "::1"]' in a future version. Set 'readOnlyMasterKeyIps' to the IP addresses that should be allowed to use the read-only master key, or to '["127.0.0.1", "::1"]' to restrict access to localhost.
Server running on port 1555
Parse Server available at https://dev.api.markidiags.com:8444/parse
Parse Dashboard available at http://localhost:1555/parse-dashboard
Health check available at http://localhost:1555/healthy
[cron] Scheduler sync impayés actif (toutes les heures)
[cron] Scheduler envoi relances actif (tous les jours à 18h)
[cron] Scheduler optimisation relances actif (toutes les minutes)
[cron] Scheduler options dynamiques actif (toutes les heures à HH:03)
[cron] Optimisation des relances (anti-spam)...
[cron] Heure actuelle: 2026-03-11T16:32:00.401Z
[optimizeRelances] Début optimisation (anti-spam)...
[optimizeRelances] 5 relances pending trouvées pour 1 emails
[optimizeRelances] Adresses email uniques: [ 'accueil@progedi.com' ]
[optimizeRelances] Répartition détaillée des relances:
[optimizeRelances]   accueil@progedi.com_1_4SBTguLvFx: 1 relance(s) - IDs: 3Un0p9I3oY
[optimizeRelances]   accueil@progedi.com_0_4SBTguLvFx: 1 relance(s) - IDs: mzPDICxAYA
[optimizeRelances]   accueil@progedi.com_3_4SBTguLvFx: 1 relance(s) - IDs: XFPYU4c0O1
[optimizeRelances]   accueil@progedi.com_4_4SBTguLvFx: 1 relance(s) - IDs: 6L9RIbU9ND
[optimizeRelances]   accueil@progedi.com_2_4SBTguLvFx: 1 relance(s) - IDs: xmZNGg9Elx
[optimizeRelances] 5 groupe(s) pour accueil@progedi.com
[optimizeRelances] Groupe accueil@progedi.com_4SBTguLvFx_1: 1 relance(s)
[optimizeRelances] → 1 seule relance, pas de consolidation
[optimizeRelances] Groupe accueil@progedi.com_4SBTguLvFx_0: 1 relance(s)
[optimizeRelances] → 1 seule relance, pas de consolidation
[optimizeRelances] Groupe accueil@progedi.com_4SBTguLvFx_3: 1 relance(s)
[optimizeRelances] → 1 seule relance, pas de consolidation
[optimizeRelances] Groupe accueil@progedi.com_4SBTguLvFx_4: 1 relance(s)
[optimizeRelances] → 1 seule relance, pas de consolidation
[optimizeRelances] Groupe accueil@progedi.com_4SBTguLvFx_2: 1 relance(s)
[optimizeRelances] → 1 seule relance, pas de consolidation
[optimizeRelances] Optimisation terminée: {
  contactsProcessed: 1,
  relancesConsolidated: 0,
  relancesOptimized: 0,
  errors: 0
}
[cron] Optimisation terminée: {
  contactsProcessed: 1,
  relancesConsolidated: 0,
  relancesOptimized: 0,
  errors: 0
}
info: Ran cloud function listLiensPaiement for user 0j8Kb1HEcC with:
  Input: {}
  Result: [{"id":"KQyBTBxx6o","nom":"toto","url":"https://coucou.com?id=[[payeur_nom]]&lol=[[proprietaire_email]]"}] {"functionName":"listLiensPaiement","params":{},"user":"0j8Kb1HEcC"}
[cron] Optimisation des relances (anti-spam)...
[cron] Heure actuelle: 2026-03-11T16:33:00.427Z
[optimizeRelances] Début optimisation (anti-spam)...
[optimizeRelances] 5 relances pending trouvées pour 1 emails
[optimizeRelances] Adresses email uniques: [ 'accueil@progedi.com' ]
[optimizeRelances] Répartition détaillée des relances:
[optimizeRelances]   accueil@progedi.com_1_4SBTguLvFx: 1 relance(s) - IDs: 3Un0p9I3oY
[optimizeRelances]   accueil@progedi.com_0_4SBTguLvFx: 1 relance(s) - IDs: mzPDICxAYA
[optimizeRelances]   accueil@progedi.com_3_4SBTguLvFx: 1 relance(s) - IDs: XFPYU4c0O1
[optimizeRelances]   accueil@progedi.com_4_4SBTguLvFx: 1 relance(s) - IDs: 6L9RIbU9ND
[optimizeRelances]   accueil@progedi.com_2_4SBTguLvFx: 1 relance(s) - IDs: xmZNGg9Elx
[optimizeRelances] 5 groupe(s) pour accueil@progedi.com
[optimizeRelances] Groupe accueil@progedi.com_4SBTguLvFx_1: 1 relance(s)
[optimizeRelances] → 1 seule relance, pas de consolidation
[optimizeRelances] Groupe accueil@progedi.com_4SBTguLvFx_0: 1 relance(s)
[optimizeRelances] → 1 seule relance, pas de consolidation
[optimizeRelances] Groupe accueil@progedi.com_4SBTguLvFx_3: 1 relance(s)
[optimizeRelances] → 1 seule relance, pas de consolidation
[optimizeRelances] Groupe accueil@progedi.com_4SBTguLvFx_4: 1 relance(s)
[optimizeRelances] → 1 seule relance, pas de consolidation
[optimizeRelances] Groupe accueil@progedi.com_4SBTguLvFx_2: 1 relance(s)
[optimizeRelances] → 1 seule relance, pas de consolidation
[optimizeRelances] Optimisation terminée: {
  contactsProcessed: 1,
  relancesConsolidated: 0,
  relancesOptimized: 0,
  errors: 0
}
[cron] Optimisation terminée: {
  contactsProcessed: 1,
  relancesConsolidated: 0,
  relancesOptimized: 0,
  errors: 0
}
info: Ran cloud function listLiensPaiement for user 0j8Kb1HEcC with:
  Input: {}
  Result: [{"id":"KQyBTBxx6o","nom":"toto","url":"https://coucou.com?id=[[payeur_nom]]&lol=[[proprietaire_email]]"}] {"functionName":"listLiensPaiement","params":{},"user":"0j8Kb1HEcC"}
[cron] Optimisation des relances (anti-spam)...
[cron] Heure actuelle: 2026-03-11T16:34:00.456Z
[optimizeRelances] Début optimisation (anti-spam)...
[optimizeRelances] 5 relances pending trouvées pour 1 emails
[optimizeRelances] Adresses email uniques: [ 'accueil@progedi.com' ]
[optimizeRelances] Répartition détaillée des relances:
[optimizeRelances]   accueil@progedi.com_1_4SBTguLvFx: 1 relance(s) - IDs: 3Un0p9I3oY
[optimizeRelances]   accueil@progedi.com_0_4SBTguLvFx: 1 relance(s) - IDs: mzPDICxAYA
[optimizeRelances]   accueil@progedi.com_3_4SBTguLvFx: 1 relance(s) - IDs: XFPYU4c0O1
[optimizeRelances]   accueil@progedi.com_4_4SBTguLvFx: 1 relance(s) - IDs: 6L9RIbU9ND
[optimizeRelances]   accueil@progedi.com_2_4SBTguLvFx: 1 relance(s) - IDs: xmZNGg9Elx
[optimizeRelances] 5 groupe(s) pour accueil@progedi.com
[optimizeRelances] Groupe accueil@progedi.com_4SBTguLvFx_1: 1 relance(s)
[optimizeRelances] → 1 seule relance, pas de consolidation
[optimizeRelances] Groupe accueil@progedi.com_4SBTguLvFx_0: 1 relance(s)
[optimizeRelances] → 1 seule relance, pas de consolidation
[optimizeRelances] Groupe accueil@progedi.com_4SBTguLvFx_3: 1 relance(s)
[optimizeRelances] → 1 seule relance, pas de consolidation
[optimizeRelances] Groupe accueil@progedi.com_4SBTguLvFx_4: 1 relance(s)
[optimizeRelances] → 1 seule relance, pas de consolidation
[optimizeRelances] Groupe accueil@progedi.com_4SBTguLvFx_2: 1 relance(s)
[optimizeRelances] → 1 seule relance, pas de consolidation
[optimizeRelances] Optimisation terminée: {
  contactsProcessed: 1,
  relancesConsolidated: 0,
  relancesOptimized: 0,
  errors: 0
}
[cron] Optimisation terminée: {
  contactsProcessed: 1,
  relancesConsolidated: 0,
  relancesOptimized: 0,
  errors: 0
}
[cron] Optimisation des relances (anti-spam)...
[cron] Heure actuelle: 2026-03-11T16:35:00.471Z
[optimizeRelances] Début optimisation (anti-spam)...
[optimizeRelances] 5 relances pending trouvées pour 1 emails
[optimizeRelances] Adresses email uniques: [ 'accueil@progedi.com' ]
[optimizeRelances] Répartition détaillée des relances:
[optimizeRelances]   accueil@progedi.com_1_4SBTguLvFx: 1 relance(s) - IDs: 3Un0p9I3oY
[optimizeRelances]   accueil@progedi.com_0_4SBTguLvFx: 1 relance(s) - IDs: mzPDICxAYA
[optimizeRelances]   accueil@progedi.com_3_4SBTguLvFx: 1 relance(s) - IDs: XFPYU4c0O1
[optimizeRelances]   accueil@progedi.com_4_4SBTguLvFx: 1 relance(s) - IDs: 6L9RIbU9ND
[optimizeRelances]   accueil@progedi.com_2_4SBTguLvFx: 1 relance(s) - IDs: xmZNGg9Elx
[optimizeRelances] 5 groupe(s) pour accueil@progedi.com
[optimizeRelances] Groupe accueil@progedi.com_4SBTguLvFx_1: 1 relance(s)
[optimizeRelances] → 1 seule relance, pas de consolidation
[optimizeRelances] Groupe accueil@progedi.com_4SBTguLvFx_0: 1 relance(s)
[optimizeRelances] → 1 seule relance, pas de consolidation
[optimizeRelances] Groupe accueil@progedi.com_4SBTguLvFx_3: 1 relance(s)
[optimizeRelances] → 1 seule relance, pas de consolidation
[optimizeRelances] Groupe accueil@progedi.com_4SBTguLvFx_4: 1 relance(s)
[optimizeRelances] → 1 seule relance, pas de consolidation
[optimizeRelances] Groupe accueil@progedi.com_4SBTguLvFx_2: 1 relance(s)
[optimizeRelances] → 1 seule relance, pas de consolidation
[optimizeRelances] Optimisation terminée: {
  contactsProcessed: 1,
  relancesConsolidated: 0,
  relancesOptimized: 0,
  errors: 0
}
[cron] Optimisation terminée: {
  contactsProcessed: 1,
  relancesConsolidated: 0,
  relancesOptimized: 0,
  errors: 0
}
[cron] Optimisation des relances (anti-spam)...
[cron] Heure actuelle: 2026-03-11T16:36:00.495Z
[optimizeRelances] Début optimisation (anti-spam)...
[optimizeRelances] 5 relances pending trouvées pour 1 emails
[optimizeRelances] Adresses email uniques: [ 'accueil@progedi.com' ]
[optimizeRelances] Répartition détaillée des relances:
[optimizeRelances]   accueil@progedi.com_1_4SBTguLvFx: 1 relance(s) - IDs: 3Un0p9I3oY
[optimizeRelances]   accueil@progedi.com_0_4SBTguLvFx: 1 relance(s) - IDs: mzPDICxAYA
[optimizeRelances]   accueil@progedi.com_3_4SBTguLvFx: 1 relance(s) - IDs: XFPYU4c0O1
[optimizeRelances]   accueil@progedi.com_4_4SBTguLvFx: 1 relance(s) - IDs: 6L9RIbU9ND
[optimizeRelances]   accueil@progedi.com_2_4SBTguLvFx: 1 relance(s) - IDs: xmZNGg9Elx
[optimizeRelances] 5 groupe(s) pour accueil@progedi.com
[optimizeRelances] Groupe accueil@progedi.com_4SBTguLvFx_1: 1 relance(s)
[optimizeRelances] → 1 seule relance, pas de consolidation
[optimizeRelances] Groupe accueil@progedi.com_4SBTguLvFx_0: 1 relance(s)
[optimizeRelances] → 1 seule relance, pas de consolidation
[optimizeRelances] Groupe accueil@progedi.com_4SBTguLvFx_3: 1 relance(s)
[optimizeRelances] → 1 seule relance, pas de consolidation
[optimizeRelances] Groupe accueil@progedi.com_4SBTguLvFx_4: 1 relance(s)
[optimizeRelances] → 1 seule relance, pas de consolidation
[optimizeRelances] Groupe accueil@progedi.com_4SBTguLvFx_2: 1 relance(s)
[optimizeRelances] → 1 seule relance, pas de consolidation
[optimizeRelances] Optimisation terminée: {
  contactsProcessed: 1,
  relancesConsolidated: 0,
  relancesOptimized: 0,
  errors: 0
}
[cron] Optimisation terminée: {
  contactsProcessed: 1,
  relancesConsolidated: 0,
  relancesOptimized: 0,
  errors: 0
}
info: Ran cloud function listLiensPaiement for user 0j8Kb1HEcC with:
  Input: {}
  Result: [{"id":"KQyBTBxx6o","nom":"toto","url":"https://coucou.com?id=[[payeur_nom]]&lol=[[proprietaire_email]]"}] {"functionName":"listLiensPaiement","params":{},"user":"0j8Kb1HEcC"}
info: Ran cloud function listLiensPaiement for user 0j8Kb1HEcC with:
  Input: {}
  Result: [{"id":"KQyBTBxx6o","nom":"toto","url":"https://coucou.com?id=[[payeur_nom]]&lol=[[proprietaire_email]]"}] {"functionName":"listLiensPaiement","params":{},"user":"0j8Kb1HEcC"}
info: Ran cloud function listLiensPaiement for user 0j8Kb1HEcC with:
  Input: {}
  Result: [{"id":"KQyBTBxx6o","nom":"toto","url":"https://coucou.com?id=[[payeur_nom]]&lol=[[proprietaire_email]]"}] {"functionName":"listLiensPaiement","params":{},"user":"0j8Kb1HEcC"}
[cron] Optimisation des relances (anti-spam)...
[cron] Heure actuelle: 2026-03-11T16:37:00.512Z
[optimizeRelances] Début optimisation (anti-spam)...
[optimizeRelances] 5 relances pending trouvées pour 1 emails
[optimizeRelances] Adresses email uniques: [ 'accueil@progedi.com' ]
[optimizeRelances] Répartition détaillée des relances:
[optimizeRelances]   accueil@progedi.com_1_4SBTguLvFx: 1 relance(s) - IDs: 3Un0p9I3oY
[optimizeRelances]   accueil@progedi.com_0_4SBTguLvFx: 1 relance(s) - IDs: mzPDICxAYA
[optimizeRelances]   accueil@progedi.com_3_4SBTguLvFx: 1 relance(s) - IDs: XFPYU4c0O1
[optimizeRelances]   accueil@progedi.com_4_4SBTguLvFx: 1 relance(s) - IDs: 6L9RIbU9ND
[optimizeRelances]   accueil@progedi.com_2_4SBTguLvFx: 1 relance(s) - IDs: xmZNGg9Elx
[optimizeRelances] 5 groupe(s) pour accueil@progedi.com
[optimizeRelances] Groupe accueil@progedi.com_4SBTguLvFx_1: 1 relance(s)
[optimizeRelances] → 1 seule relance, pas de consolidation
[optimizeRelances] Groupe accueil@progedi.com_4SBTguLvFx_0: 1 relance(s)
[optimizeRelances] → 1 seule relance, pas de consolidation
[optimizeRelances] Groupe accueil@progedi.com_4SBTguLvFx_3: 1 relance(s)
[optimizeRelances] → 1 seule relance, pas de consolidation
[optimizeRelances] Groupe accueil@progedi.com_4SBTguLvFx_4: 1 relance(s)
[optimizeRelances] → 1 seule relance, pas de consolidation
[optimizeRelances] Groupe accueil@progedi.com_4SBTguLvFx_2: 1 relance(s)
[optimizeRelances] → 1 seule relance, pas de consolidation
[optimizeRelances] Optimisation terminée: {
  contactsProcessed: 1,
  relancesConsolidated: 0,
  relancesOptimized: 0,
  errors: 0
}
[cron] Optimisation terminée: {
  contactsProcessed: 1,
  relancesConsolidated: 0,
  relancesOptimized: 0,
  errors: 0
}
info: Ran cloud function listLiensPaiement for user 0j8Kb1HEcC with:
  Input: {}
  Result: [{"id":"KQyBTBxx6o","nom":"toto","url":"https://coucou.com?id=[[payeur_nom]]&lol=[[proprietaire_email]]"}] {"functionName":"listLiensPaiement","params":{},"user":"0j8Kb1HEcC"}
info: Ran cloud function listLiensPaiement for user 0j8Kb1HEcC with:
  Input: {}
  Result: [{"id":"KQyBTBxx6o","nom":"toto","url":"https://coucou.com?id=[[payeur_nom]]&lol=[[proprietaire_email]]"}] {"functionName":"listLiensPaiement","params":{},"user":"0j8Kb1HEcC"}
[cron] Optimisation des relances (anti-spam)...
[cron] Heure actuelle: 2026-03-11T16:38:00.532Z
[optimizeRelances] Début optimisation (anti-spam)...
[optimizeRelances] 5 relances pending trouvées pour 1 emails
[optimizeRelances] Adresses email uniques: [ 'accueil@progedi.com' ]
[optimizeRelances] Répartition détaillée des relances:
[optimizeRelances]   accueil@progedi.com_1_4SBTguLvFx: 1 relance(s) - IDs: 3Un0p9I3oY
[optimizeRelances]   accueil@progedi.com_0_4SBTguLvFx: 1 relance(s) - IDs: mzPDICxAYA
[optimizeRelances]   accueil@progedi.com_3_4SBTguLvFx: 1 relance(s) - IDs: XFPYU4c0O1
[optimizeRelances]   accueil@progedi.com_4_4SBTguLvFx: 1 relance(s) - IDs: 6L9RIbU9ND
[optimizeRelances]   accueil@progedi.com_2_4SBTguLvFx: 1 relance(s) - IDs: xmZNGg9Elx
[optimizeRelances] 5 groupe(s) pour accueil@progedi.com
[optimizeRelances] Groupe accueil@progedi.com_4SBTguLvFx_1: 1 relance(s)
[optimizeRelances] → 1 seule relance, pas de consolidation
[optimizeRelances] Groupe accueil@progedi.com_4SBTguLvFx_0: 1 relance(s)
[optimizeRelances] → 1 seule relance, pas de consolidation
[optimizeRelances] Groupe accueil@progedi.com_4SBTguLvFx_3: 1 relance(s)
[optimizeRelances] → 1 seule relance, pas de consolidation
[optimizeRelances] Groupe accueil@progedi.com_4SBTguLvFx_4: 1 relance(s)
[optimizeRelances] → 1 seule relance, pas de consolidation
[optimizeRelances] Groupe accueil@progedi.com_4SBTguLvFx_2: 1 relance(s)
[optimizeRelances] → 1 seule relance, pas de consolidation
[optimizeRelances] Optimisation terminée: {
  contactsProcessed: 1,
  relancesConsolidated: 0,
  relancesOptimized: 0,
  errors: 0
}
[cron] Optimisation terminée: {
  contactsProcessed: 1,
  relancesConsolidated: 0,
  relancesOptimized: 0,
  errors: 0
}
[cron] Optimisation des relances (anti-spam)...
[cron] Heure actuelle: 2026-03-11T16:39:00.552Z
[optimizeRelances] Début optimisation (anti-spam)...
[optimizeRelances] 5 relances pending trouvées pour 1 emails
[optimizeRelances] Adresses email uniques: [ 'accueil@progedi.com' ]
[optimizeRelances] Répartition détaillée des relances:
[optimizeRelances]   accueil@progedi.com_1_4SBTguLvFx: 1 relance(s) - IDs: 3Un0p9I3oY
[optimizeRelances]   accueil@progedi.com_0_4SBTguLvFx: 1 relance(s) - IDs: mzPDICxAYA
[optimizeRelances]   accueil@progedi.com_3_4SBTguLvFx: 1 relance(s) - IDs: XFPYU4c0O1
[optimizeRelances]   accueil@progedi.com_4_4SBTguLvFx: 1 relance(s) - IDs: 6L9RIbU9ND
[optimizeRelances]   accueil@progedi.com_2_4SBTguLvFx: 1 relance(s) - IDs: xmZNGg9Elx
[optimizeRelances] 5 groupe(s) pour accueil@progedi.com
[optimizeRelances] Groupe accueil@progedi.com_4SBTguLvFx_1: 1 relance(s)
[optimizeRelances] → 1 seule relance, pas de consolidation
[optimizeRelances] Groupe accueil@progedi.com_4SBTguLvFx_0: 1 relance(s)
[optimizeRelances] → 1 seule relance, pas de consolidation
[optimizeRelances] Groupe accueil@progedi.com_4SBTguLvFx_3: 1 relance(s)
[optimizeRelances] → 1 seule relance, pas de consolidation
[optimizeRelances] Groupe accueil@progedi.com_4SBTguLvFx_4: 1 relance(s)
[optimizeRelances] → 1 seule relance, pas de consolidation
[optimizeRelances] Groupe accueil@progedi.com_4SBTguLvFx_2: 1 relance(s)
[optimizeRelances] → 1 seule relance, pas de consolidation
[optimizeRelances] Optimisation terminée: {
  contactsProcessed: 1,
  relancesConsolidated: 0,
  relancesOptimized: 0,
  errors: 0
}
[cron] Optimisation terminée: {
  contactsProcessed: 1,
  relancesConsolidated: 0,
  relancesOptimized: 0,
  errors: 0
}
[cron] Optimisation des relances (anti-spam)...
[cron] Heure actuelle: 2026-03-11T16:40:00.570Z
[optimizeRelances] Début optimisation (anti-spam)...
[optimizeRelances] 5 relances pending trouvées pour 1 emails
[optimizeRelances] Adresses email uniques: [ 'accueil@progedi.com' ]
[optimizeRelances] Répartition détaillée des relances:
[optimizeRelances]   accueil@progedi.com_1_4SBTguLvFx: 1 relance(s) - IDs: 3Un0p9I3oY
[optimizeRelances]   accueil@progedi.com_0_4SBTguLvFx: 1 relance(s) - IDs: mzPDICxAYA
[optimizeRelances]   accueil@progedi.com_3_4SBTguLvFx: 1 relance(s) - IDs: XFPYU4c0O1
[optimizeRelances]   accueil@progedi.com_4_4SBTguLvFx: 1 relance(s) - IDs: 6L9RIbU9ND
[optimizeRelances]   accueil@progedi.com_2_4SBTguLvFx: 1 relance(s) - IDs: xmZNGg9Elx
[optimizeRelances] 5 groupe(s) pour accueil@progedi.com
[optimizeRelances] Groupe accueil@progedi.com_4SBTguLvFx_1: 1 relance(s)
[optimizeRelances] → 1 seule relance, pas de consolidation
[optimizeRelances] Groupe accueil@progedi.com_4SBTguLvFx_0: 1 relance(s)
[optimizeRelances] → 1 seule relance, pas de consolidation
[optimizeRelances] Groupe accueil@progedi.com_4SBTguLvFx_3: 1 relance(s)
[optimizeRelances] → 1 seule relance, pas de consolidation
[optimizeRelances] Groupe accueil@progedi.com_4SBTguLvFx_4: 1 relance(s)
[optimizeRelances] → 1 seule relance, pas de consolidation
[optimizeRelances] Groupe accueil@progedi.com_4SBTguLvFx_2: 1 relance(s)
[optimizeRelances] → 1 seule relance, pas de consolidation
[optimizeRelances] Optimisation terminée: {
  contactsProcessed: 1,
  relancesConsolidated: 0,
  relancesOptimized: 0,
  errors: 0
}
[cron] Optimisation terminée: {
  contactsProcessed: 1,
  relancesConsolidated: 0,
  relancesOptimized: 0,
  errors: 0
}
info: Ran cloud function listLiensPaiement for user 0j8Kb1HEcC with:
  Input: {}
  Result: [{"id":"KQyBTBxx6o","nom":"toto","url":"https://coucou.com?id=[[payeur_nom]]&lol=[[proprietaire_email]]"}] {"functionName":"listLiensPaiement","params":{},"user":"0j8Kb1HEcC"}
[cron] Optimisation des relances (anti-spam)...
[cron] Heure actuelle: 2026-03-11T16:41:00.583Z
[optimizeRelances] Début optimisation (anti-spam)...
[optimizeRelances] 5 relances pending trouvées pour 1 emails
[optimizeRelances] Adresses email uniques: [ 'accueil@progedi.com' ]
[optimizeRelances] Répartition détaillée des relances:
[optimizeRelances]   accueil@progedi.com_1_4SBTguLvFx: 1 relance(s) - IDs: 3Un0p9I3oY
[optimizeRelances]   accueil@progedi.com_0_4SBTguLvFx: 1 relance(s) - IDs: mzPDICxAYA
[optimizeRelances]   accueil@progedi.com_3_4SBTguLvFx: 1 relance(s) - IDs: XFPYU4c0O1
[optimizeRelances]   accueil@progedi.com_4_4SBTguLvFx: 1 relance(s) - IDs: 6L9RIbU9ND
[optimizeRelances]   accueil@progedi.com_2_4SBTguLvFx: 1 relance(s) - IDs: xmZNGg9Elx
[optimizeRelances] 5 groupe(s) pour accueil@progedi.com
[optimizeRelances] Groupe accueil@progedi.com_4SBTguLvFx_1: 1 relance(s)
[optimizeRelances] → 1 seule relance, pas de consolidation
[optimizeRelances] Groupe accueil@progedi.com_4SBTguLvFx_0: 1 relance(s)
[optimizeRelances] → 1 seule relance, pas de consolidation
[optimizeRelances] Groupe accueil@progedi.com_4SBTguLvFx_3: 1 relance(s)
[optimizeRelances] → 1 seule relance, pas de consolidation
[optimizeRelances] Groupe accueil@progedi.com_4SBTguLvFx_4: 1 relance(s)
[optimizeRelances] → 1 seule relance, pas de consolidation
[optimizeRelances] Groupe accueil@progedi.com_4SBTguLvFx_2: 1 relance(s)
[optimizeRelances] → 1 seule relance, pas de consolidation
[optimizeRelances] Optimisation terminée: {
  contactsProcessed: 1,
  relancesConsolidated: 0,
  relancesOptimized: 0,
  errors: 0
}
[cron] Optimisation terminée: {
  contactsProcessed: 1,
  relancesConsolidated: 0,
  relancesOptimized: 0,
  errors: 0
}
[cron] Optimisation des relances (anti-spam)...
[cron] Heure actuelle: 2026-03-11T16:42:00.604Z
[optimizeRelances] Début optimisation (anti-spam)...
[optimizeRelances] 5 relances pending trouvées pour 1 emails
[optimizeRelances] Adresses email uniques: [ 'accueil@progedi.com' ]
[optimizeRelances] Répartition détaillée des relances:
[optimizeRelances]   accueil@progedi.com_1_4SBTguLvFx: 1 relance(s) - IDs: 3Un0p9I3oY
[optimizeRelances]   accueil@progedi.com_0_4SBTguLvFx: 1 relance(s) - IDs: mzPDICxAYA
[optimizeRelances]   accueil@progedi.com_3_4SBTguLvFx: 1 relance(s) - IDs: XFPYU4c0O1
[optimizeRelances]   accueil@progedi.com_4_4SBTguLvFx: 1 relance(s) - IDs: 6L9RIbU9ND
[optimizeRelances]   accueil@progedi.com_2_4SBTguLvFx: 1 relance(s) - IDs: xmZNGg9Elx
[optimizeRelances] 5 groupe(s) pour accueil@progedi.com
[optimizeRelances] Groupe accueil@progedi.com_4SBTguLvFx_1: 1 relance(s)
[optimizeRelances] → 1 seule relance, pas de consolidation
[optimizeRelances] Groupe accueil@progedi.com_4SBTguLvFx_0: 1 relance(s)
[optimizeRelances] → 1 seule relance, pas de consolidation
[optimizeRelances] Groupe accueil@progedi.com_4SBTguLvFx_3: 1 relance(s)
[optimizeRelances] → 1 seule relance, pas de consolidation
[optimizeRelances] Groupe accueil@progedi.com_4SBTguLvFx_4: 1 relance(s)
[optimizeRelances] → 1 seule relance, pas de consolidation
[optimizeRelances] Groupe accueil@progedi.com_4SBTguLvFx_2: 1 relance(s)
[optimizeRelances] → 1 seule relance, pas de consolidation
[optimizeRelances] Optimisation terminée: {
  contactsProcessed: 1,
  relancesConsolidated: 0,
  relancesOptimized: 0,
  errors: 0
}
[cron] Optimisation terminée: {
  contactsProcessed: 1,
  relancesConsolidated: 0,
  relancesOptimized: 0,
  errors: 0
}
[cron] Optimisation des relances (anti-spam)...
[cron] Heure actuelle: 2026-03-11T16:43:00.620Z
[optimizeRelances] Début optimisation (anti-spam)...
[optimizeRelances] 5 relances pending trouvées pour 1 emails
[optimizeRelances] Adresses email uniques: [ 'accueil@progedi.com' ]
[optimizeRelances] Répartition détaillée des relances:
[optimizeRelances]   accueil@progedi.com_1_4SBTguLvFx: 1 relance(s) - IDs: 3Un0p9I3oY
[optimizeRelances]   accueil@progedi.com_0_4SBTguLvFx: 1 relance(s) - IDs: mzPDICxAYA
[optimizeRelances]   accueil@progedi.com_3_4SBTguLvFx: 1 relance(s) - IDs: XFPYU4c0O1
[optimizeRelances]   accueil@progedi.com_4_4SBTguLvFx: 1 relance(s) - IDs: 6L9RIbU9ND
[optimizeRelances]   accueil@progedi.com_2_4SBTguLvFx: 1 relance(s) - IDs: xmZNGg9Elx
[optimizeRelances] 5 groupe(s) pour accueil@progedi.com
[optimizeRelances] Groupe accueil@progedi.com_4SBTguLvFx_1: 1 relance(s)
[optimizeRelances] → 1 seule relance, pas de consolidation
[optimizeRelances] Groupe accueil@progedi.com_4SBTguLvFx_0: 1 relance(s)
[optimizeRelances] → 1 seule relance, pas de consolidation
[optimizeRelances] Groupe accueil@progedi.com_4SBTguLvFx_3: 1 relance(s)
[optimizeRelances] → 1 seule relance, pas de consolidation
[optimizeRelances] Groupe accueil@progedi.com_4SBTguLvFx_4: 1 relance(s)
[optimizeRelances] → 1 seule relance, pas de consolidation
[optimizeRelances] Groupe accueil@progedi.com_4SBTguLvFx_2: 1 relance(s)
[optimizeRelances] → 1 seule relance, pas de consolidation
[optimizeRelances] Optimisation terminée: {
  contactsProcessed: 1,
  relancesConsolidated: 0,
  relancesOptimized: 0,
  errors: 0
}
[cron] Optimisation terminée: {
  contactsProcessed: 1,
  relancesConsolidated: 0,
  relancesOptimized: 0,
  errors: 0
}
info: Ran cloud function listLiensPaiement for user 0j8Kb1HEcC with:
  Input: {}
  Result: [{"id":"KQyBTBxx6o","nom":"toto","url":"https://coucou.com?id=[[payeur_nom]]&lol=[[proprietaire_email]]"}] {"functionName":"listLiensPaiement","params":{},"user":"0j8Kb1HEcC"}
[cron] Optimisation des relances (anti-spam)...
[cron] Heure actuelle: 2026-03-11T16:44:00.637Z
[optimizeRelances] Début optimisation (anti-spam)...
[optimizeRelances] 5 relances pending trouvées pour 1 emails
[optimizeRelances] Adresses email uniques: [ 'accueil@progedi.com' ]
[optimizeRelances] Répartition détaillée des relances:
[optimizeRelances]   accueil@progedi.com_1_4SBTguLvFx: 1 relance(s) - IDs: 3Un0p9I3oY
[optimizeRelances]   accueil@progedi.com_0_4SBTguLvFx: 1 relance(s) - IDs: mzPDICxAYA
[optimizeRelances]   accueil@progedi.com_3_4SBTguLvFx: 1 relance(s) - IDs: XFPYU4c0O1
[optimizeRelances]   accueil@progedi.com_4_4SBTguLvFx: 1 relance(s) - IDs: 6L9RIbU9ND
[optimizeRelances]   accueil@progedi.com_2_4SBTguLvFx: 1 relance(s) - IDs: xmZNGg9Elx
[optimizeRelances] 5 groupe(s) pour accueil@progedi.com
[optimizeRelances] Groupe accueil@progedi.com_4SBTguLvFx_1: 1 relance(s)
[optimizeRelances] → 1 seule relance, pas de consolidation
[optimizeRelances] Groupe accueil@progedi.com_4SBTguLvFx_0: 1 relance(s)
[optimizeRelances] → 1 seule relance, pas de consolidation
[optimizeRelances] Groupe accueil@progedi.com_4SBTguLvFx_3: 1 relance(s)
[optimizeRelances] → 1 seule relance, pas de consolidation
[optimizeRelances] Groupe accueil@progedi.com_4SBTguLvFx_4: 1 relance(s)
[optimizeRelances] → 1 seule relance, pas de consolidation
[optimizeRelances] Groupe accueil@progedi.com_4SBTguLvFx_2: 1 relance(s)
[optimizeRelances] → 1 seule relance, pas de consolidation
[optimizeRelances] Optimisation terminée: {
  contactsProcessed: 1,
  relancesConsolidated: 0,
  relancesOptimized: 0,
  errors: 0
}
[cron] Optimisation terminée: {
  contactsProcessed: 1,
  relancesConsolidated: 0,
  relancesOptimized: 0,
  errors: 0
}
[cron] Optimisation des relances (anti-spam)...
[cron] Heure actuelle: 2026-03-11T16:45:00.656Z
[optimizeRelances] Début optimisation (anti-spam)...
[optimizeRelances] 5 relances pending trouvées pour 1 emails
[optimizeRelances] Adresses email uniques: [ 'accueil@progedi.com' ]
[optimizeRelances] Répartition détaillée des relances:
[optimizeRelances]   accueil@progedi.com_1_4SBTguLvFx: 1 relance(s) - IDs: 3Un0p9I3oY
[optimizeRelances]   accueil@progedi.com_0_4SBTguLvFx: 1 relance(s) - IDs: mzPDICxAYA
[optimizeRelances]   accueil@progedi.com_3_4SBTguLvFx: 1 relance(s) - IDs: XFPYU4c0O1
[optimizeRelances]   accueil@progedi.com_4_4SBTguLvFx: 1 relance(s) - IDs: 6L9RIbU9ND
[optimizeRelances]   accueil@progedi.com_2_4SBTguLvFx: 1 relance(s) - IDs: xmZNGg9Elx
[optimizeRelances] 5 groupe(s) pour accueil@progedi.com
[optimizeRelances] Groupe accueil@progedi.com_4SBTguLvFx_1: 1 relance(s)
[optimizeRelances] → 1 seule relance, pas de consolidation
[optimizeRelances] Groupe accueil@progedi.com_4SBTguLvFx_0: 1 relance(s)
[optimizeRelances] → 1 seule relance, pas de consolidation
[optimizeRelances] Groupe accueil@progedi.com_4SBTguLvFx_3: 1 relance(s)
[optimizeRelances] → 1 seule relance, pas de consolidation
[optimizeRelances] Groupe accueil@progedi.com_4SBTguLvFx_4: 1 relance(s)
[optimizeRelances] → 1 seule relance, pas de consolidation
[optimizeRelances] Groupe accueil@progedi.com_4SBTguLvFx_2: 1 relance(s)
[optimizeRelances] → 1 seule relance, pas de consolidation
[optimizeRelances] Optimisation terminée: {
  contactsProcessed: 1,
  relancesConsolidated: 0,
  relancesOptimized: 0,
  errors: 0
}
[cron] Optimisation terminée: {
  contactsProcessed: 1,
  relancesConsolidated: 0,
  relancesOptimized: 0,
  errors: 0
}
info: Ran cloud function listLiensPaiement for user 0j8Kb1HEcC with:
  Input: {}
  Result: [{"id":"KQyBTBxx6o","nom":"toto","url":"https://coucou.com?id=[[payeur_nom]]&lol=[[proprietaire_email]]"}] {"functionName":"listLiensPaiement","params":{},"user":"0j8Kb1HEcC"}
[cron] Optimisation des relances (anti-spam)...
[cron] Heure actuelle: 2026-03-11T16:46:00.683Z
[optimizeRelances] Début optimisation (anti-spam)...
[optimizeRelances] 5 relances pending trouvées pour 1 emails
[optimizeRelances] Adresses email uniques: [ 'accueil@progedi.com' ]
[optimizeRelances] Répartition détaillée des relances:
[optimizeRelances]   accueil@progedi.com_1_4SBTguLvFx: 1 relance(s) - IDs: 3Un0p9I3oY
[optimizeRelances]   accueil@progedi.com_0_4SBTguLvFx: 1 relance(s) - IDs: mzPDICxAYA
[optimizeRelances]   accueil@progedi.com_3_4SBTguLvFx: 1 relance(s) - IDs: XFPYU4c0O1
[optimizeRelances]   accueil@progedi.com_4_4SBTguLvFx: 1 relance(s) - IDs: 6L9RIbU9ND
[optimizeRelances]   accueil@progedi.com_2_4SBTguLvFx: 1 relance(s) - IDs: xmZNGg9Elx
[optimizeRelances] 5 groupe(s) pour accueil@progedi.com
[optimizeRelances] Groupe accueil@progedi.com_4SBTguLvFx_1: 1 relance(s)
[optimizeRelances] → 1 seule relance, pas de consolidation
[optimizeRelances] Groupe accueil@progedi.com_4SBTguLvFx_0: 1 relance(s)
[optimizeRelances] → 1 seule relance, pas de consolidation
[optimizeRelances] Groupe accueil@progedi.com_4SBTguLvFx_3: 1 relance(s)
[optimizeRelances] → 1 seule relance, pas de consolidation
[optimizeRelances] Groupe accueil@progedi.com_4SBTguLvFx_4: 1 relance(s)
[optimizeRelances] → 1 seule relance, pas de consolidation
[optimizeRelances] Groupe accueil@progedi.com_4SBTguLvFx_2: 1 relance(s)
[optimizeRelances] → 1 seule relance, pas de consolidation
[optimizeRelances] Optimisation terminée: {
  contactsProcessed: 1,
  relancesConsolidated: 0,
  relancesOptimized: 0,
  errors: 0
}
[cron] Optimisation terminée: {
  contactsProcessed: 1,
  relancesConsolidated: 0,
  relancesOptimized: 0,
  errors: 0
}
[cron] Optimisation des relances (anti-spam)...
[cron] Heure actuelle: 2026-03-11T16:47:00.698Z
[optimizeRelances] Début optimisation (anti-spam)...
[optimizeRelances] 5 relances pending trouvées pour 1 emails
[optimizeRelances] Adresses email uniques: [ 'accueil@progedi.com' ]
[optimizeRelances] Répartition détaillée des relances:
[optimizeRelances]   accueil@progedi.com_1_4SBTguLvFx: 1 relance(s) - IDs: 3Un0p9I3oY
[optimizeRelances]   accueil@progedi.com_0_4SBTguLvFx: 1 relance(s) - IDs: mzPDICxAYA
[optimizeRelances]   accueil@progedi.com_3_4SBTguLvFx: 1 relance(s) - IDs: XFPYU4c0O1
[optimizeRelances]   accueil@progedi.com_4_4SBTguLvFx: 1 relance(s) - IDs: 6L9RIbU9ND
[optimizeRelances]   accueil@progedi.com_2_4SBTguLvFx: 1 relance(s) - IDs: xmZNGg9Elx
[optimizeRelances] 5 groupe(s) pour accueil@progedi.com
[optimizeRelances] Groupe accueil@progedi.com_4SBTguLvFx_1: 1 relance(s)
[optimizeRelances] → 1 seule relance, pas de consolidation
[optimizeRelances] Groupe accueil@progedi.com_4SBTguLvFx_0: 1 relance(s)
[optimizeRelances] → 1 seule relance, pas de consolidation
[optimizeRelances] Groupe accueil@progedi.com_4SBTguLvFx_3: 1 relance(s)
[optimizeRelances] → 1 seule relance, pas de consolidation
[optimizeRelances] Groupe accueil@progedi.com_4SBTguLvFx_4: 1 relance(s)
[optimizeRelances] → 1 seule relance, pas de consolidation
[optimizeRelances] Groupe accueil@progedi.com_4SBTguLvFx_2: 1 relance(s)
[optimizeRelances] → 1 seule relance, pas de consolidation
[optimizeRelances] Optimisation terminée: {
  contactsProcessed: 1,
  relancesConsolidated: 0,
  relancesOptimized: 0,
  errors: 0
}
[cron] Optimisation terminée: {
  contactsProcessed: 1,
  relancesConsolidated: 0,
  relancesOptimized: 0,
  errors: 0
}
[cron] Optimisation des relances (anti-spam)...
[cron] Heure actuelle: 2026-03-11T16:48:00.715Z
[optimizeRelances] Début optimisation (anti-spam)...
[optimizeRelances] 5 relances pending trouvées pour 1 emails
[optimizeRelances] Adresses email uniques: [ 'accueil@progedi.com' ]
[optimizeRelances] Répartition détaillée des relances:
[optimizeRelances]   accueil@progedi.com_1_4SBTguLvFx: 1 relance(s) - IDs: 3Un0p9I3oY
[optimizeRelances]   accueil@progedi.com_0_4SBTguLvFx: 1 relance(s) - IDs: mzPDICxAYA
[optimizeRelances]   accueil@progedi.com_3_4SBTguLvFx: 1 relance(s) - IDs: XFPYU4c0O1
[optimizeRelances]   accueil@progedi.com_4_4SBTguLvFx: 1 relance(s) - IDs: 6L9RIbU9ND
[optimizeRelances]   accueil@progedi.com_2_4SBTguLvFx: 1 relance(s) - IDs: xmZNGg9Elx
[optimizeRelances] 5 groupe(s) pour accueil@progedi.com
[optimizeRelances] Groupe accueil@progedi.com_4SBTguLvFx_1: 1 relance(s)
[optimizeRelances] → 1 seule relance, pas de consolidation
[optimizeRelances] Groupe accueil@progedi.com_4SBTguLvFx_0: 1 relance(s)
[optimizeRelances] → 1 seule relance, pas de consolidation
[optimizeRelances] Groupe accueil@progedi.com_4SBTguLvFx_3: 1 relance(s)
[optimizeRelances] → 1 seule relance, pas de consolidation
[optimizeRelances] Groupe accueil@progedi.com_4SBTguLvFx_4: 1 relance(s)
[optimizeRelances] → 1 seule relance, pas de consolidation
[optimizeRelances] Groupe accueil@progedi.com_4SBTguLvFx_2: 1 relance(s)
[optimizeRelances] → 1 seule relance, pas de consolidation
[optimizeRelances] Optimisation terminée: {
  contactsProcessed: 1,
  relancesConsolidated: 0,
  relancesOptimized: 0,
  errors: 0
}
[cron] Optimisation terminée: {
  contactsProcessed: 1,
  relancesConsolidated: 0,
  relancesOptimized: 0,
  errors: 0
}
[cron] Optimisation des relances (anti-spam)...
[cron] Heure actuelle: 2026-03-11T16:49:00.735Z
[optimizeRelances] Début optimisation (anti-spam)...
[optimizeRelances] 5 relances pending trouvées pour 1 emails
[optimizeRelances] Adresses email uniques: [ 'accueil@progedi.com' ]
[optimizeRelances] Répartition détaillée des relances:
[optimizeRelances]   accueil@progedi.com_1_4SBTguLvFx: 1 relance(s) - IDs: 3Un0p9I3oY
[optimizeRelances]   accueil@progedi.com_0_4SBTguLvFx: 1 relance(s) - IDs: mzPDICxAYA
[optimizeRelances]   accueil@progedi.com_3_4SBTguLvFx: 1 relance(s) - IDs: XFPYU4c0O1
[optimizeRelances]   accueil@progedi.com_4_4SBTguLvFx: 1 relance(s) - IDs: 6L9RIbU9ND
[optimizeRelances]   accueil@progedi.com_2_4SBTguLvFx: 1 relance(s) - IDs: xmZNGg9Elx
[optimizeRelances] 5 groupe(s) pour accueil@progedi.com
[optimizeRelances] Groupe accueil@progedi.com_4SBTguLvFx_1: 1 relance(s)
[optimizeRelances] → 1 seule relance, pas de consolidation
[optimizeRelances] Groupe accueil@progedi.com_4SBTguLvFx_0: 1 relance(s)
[optimizeRelances] → 1 seule relance, pas de consolidation
[optimizeRelances] Groupe accueil@progedi.com_4SBTguLvFx_3: 1 relance(s)
[optimizeRelances] → 1 seule relance, pas de consolidation
[optimizeRelances] Groupe accueil@progedi.com_4SBTguLvFx_4: 1 relance(s)
[optimizeRelances] → 1 seule relance, pas de consolidation
[optimizeRelances] Groupe accueil@progedi.com_4SBTguLvFx_2: 1 relance(s)
[optimizeRelances] → 1 seule relance, pas de consolidation
[optimizeRelances] Optimisation terminée: {
  contactsProcessed: 1,
  relancesConsolidated: 0,
  relancesOptimized: 0,
  errors: 0
}
[cron] Optimisation terminée: {
  contactsProcessed: 1,
  relancesConsolidated: 0,
  relancesOptimized: 0,
  errors: 0
}
[cron] Optimisation des relances (anti-spam)...
[cron] Heure actuelle: 2026-03-11T16:50:00.755Z
[optimizeRelances] Début optimisation (anti-spam)...
[optimizeRelances] 5 relances pending trouvées pour 1 emails
[optimizeRelances] Adresses email uniques: [ 'accueil@progedi.com' ]
[optimizeRelances] Répartition détaillée des relances:
[optimizeRelances]   accueil@progedi.com_1_4SBTguLvFx: 1 relance(s) - IDs: 3Un0p9I3oY
[optimizeRelances]   accueil@progedi.com_0_4SBTguLvFx: 1 relance(s) - IDs: mzPDICxAYA
[optimizeRelances]   accueil@progedi.com_3_4SBTguLvFx: 1 relance(s) - IDs: XFPYU4c0O1
[optimizeRelances]   accueil@progedi.com_4_4SBTguLvFx: 1 relance(s) - IDs: 6L9RIbU9ND
[optimizeRelances]   accueil@progedi.com_2_4SBTguLvFx: 1 relance(s) - IDs: xmZNGg9Elx
[optimizeRelances] 5 groupe(s) pour accueil@progedi.com
[optimizeRelances] Groupe accueil@progedi.com_4SBTguLvFx_1: 1 relance(s)
[optimizeRelances] → 1 seule relance, pas de consolidation
[optimizeRelances] Groupe accueil@progedi.com_4SBTguLvFx_0: 1 relance(s)
[optimizeRelances] → 1 seule relance, pas de consolidation
[optimizeRelances] Groupe accueil@progedi.com_4SBTguLvFx_3: 1 relance(s)
[optimizeRelances] → 1 seule relance, pas de consolidation
[optimizeRelances] Groupe accueil@progedi.com_4SBTguLvFx_4: 1 relance(s)
[optimizeRelances] → 1 seule relance, pas de consolidation
[optimizeRelances] Groupe accueil@progedi.com_4SBTguLvFx_2: 1 relance(s)
[optimizeRelances] → 1 seule relance, pas de consolidation
[optimizeRelances] Optimisation terminée: {
  contactsProcessed: 1,
  relancesConsolidated: 0,
  relancesOptimized: 0,
  errors: 0
}
[cron] Optimisation terminée: {
  contactsProcessed: 1,
  relancesConsolidated: 0,
  relancesOptimized: 0,
  errors: 0
}
[cron] Optimisation des relances (anti-spam)...
[cron] Heure actuelle: 2026-03-11T16:51:00.775Z
[optimizeRelances] Début optimisation (anti-spam)...
[optimizeRelances] 5 relances pending trouvées pour 1 emails
[optimizeRelances] Adresses email uniques: [ 'accueil@progedi.com' ]
[optimizeRelances] Répartition détaillée des relances:
[optimizeRelances]   accueil@progedi.com_1_4SBTguLvFx: 1 relance(s) - IDs: 3Un0p9I3oY
[optimizeRelances]   accueil@progedi.com_0_4SBTguLvFx: 1 relance(s) - IDs: mzPDICxAYA
[optimizeRelances]   accueil@progedi.com_3_4SBTguLvFx: 1 relance(s) - IDs: XFPYU4c0O1
[optimizeRelances]   accueil@progedi.com_4_4SBTguLvFx: 1 relance(s) - IDs: 6L9RIbU9ND
[optimizeRelances]   accueil@progedi.com_2_4SBTguLvFx: 1 relance(s) - IDs: xmZNGg9Elx
[optimizeRelances] 5 groupe(s) pour accueil@progedi.com
[optimizeRelances] Groupe accueil@progedi.com_4SBTguLvFx_1: 1 relance(s)
[optimizeRelances] → 1 seule relance, pas de consolidation
[optimizeRelances] Groupe accueil@progedi.com_4SBTguLvFx_0: 1 relance(s)
[optimizeRelances] → 1 seule relance, pas de consolidation
[optimizeRelances] Groupe accueil@progedi.com_4SBTguLvFx_3: 1 relance(s)
[optimizeRelances] → 1 seule relance, pas de consolidation
[optimizeRelances] Groupe accueil@progedi.com_4SBTguLvFx_4: 1 relance(s)
[optimizeRelances] → 1 seule relance, pas de consolidation
[optimizeRelances] Groupe accueil@progedi.com_4SBTguLvFx_2: 1 relance(s)
[optimizeRelances] → 1 seule relance, pas de consolidation
[optimizeRelances] Optimisation terminée: {
  contactsProcessed: 1,
  relancesConsolidated: 0,
  relancesOptimized: 0,
  errors: 0
}
[cron] Optimisation terminée: {
  contactsProcessed: 1,
  relancesConsolidated: 0,
  relancesOptimized: 0,
  errors: 0
}
[cron] Optimisation des relances (anti-spam)...
[cron] Heure actuelle: 2026-03-11T16:52:00.788Z
[optimizeRelances] Début optimisation (anti-spam)...
[optimizeRelances] 5 relances pending trouvées pour 1 emails
[optimizeRelances] Adresses email uniques: [ 'accueil@progedi.com' ]
[optimizeRelances] Répartition détaillée des relances:
[optimizeRelances]   accueil@progedi.com_1_4SBTguLvFx: 1 relance(s) - IDs: 3Un0p9I3oY
[optimizeRelances]   accueil@progedi.com_0_4SBTguLvFx: 1 relance(s) - IDs: mzPDICxAYA
[optimizeRelances]   accueil@progedi.com_3_4SBTguLvFx: 1 relance(s) - IDs: XFPYU4c0O1
[optimizeRelances]   accueil@progedi.com_4_4SBTguLvFx: 1 relance(s) - IDs: 6L9RIbU9ND
[optimizeRelances]   accueil@progedi.com_2_4SBTguLvFx: 1 relance(s) - IDs: xmZNGg9Elx
[optimizeRelances] 5 groupe(s) pour accueil@progedi.com
[optimizeRelances] Groupe accueil@progedi.com_4SBTguLvFx_1: 1 relance(s)
[optimizeRelances] → 1 seule relance, pas de consolidation
[optimizeRelances] Groupe accueil@progedi.com_4SBTguLvFx_0: 1 relance(s)
[optimizeRelances] → 1 seule relance, pas de consolidation
[optimizeRelances] Groupe accueil@progedi.com_4SBTguLvFx_3: 1 relance(s)
[optimizeRelances] → 1 seule relance, pas de consolidation
[optimizeRelances] Groupe accueil@progedi.com_4SBTguLvFx_4: 1 relance(s)
[optimizeRelances] → 1 seule relance, pas de consolidation
[optimizeRelances] Groupe accueil@progedi.com_4SBTguLvFx_2: 1 relance(s)
[optimizeRelances] → 1 seule relance, pas de consolidation
[optimizeRelances] Optimisation terminée: {
  contactsProcessed: 1,
  relancesConsolidated: 0,
  relancesOptimized: 0,
  errors: 0
}
[cron] Optimisation terminée: {
  contactsProcessed: 1,
  relancesConsolidated: 0,
  relancesOptimized: 0,
  errors: 0
}
