
> marki-frontend@1.0.0 dev
> nuxt dev --port 5000 --host 0.0.0.0 --port 4000 --host 0.0.0.0

‚Ēā
‚óŹ  Nuxt 4.3.1 (with Nitro 2.13.1, Vite 7.3.1 and Vue 3.5.29)

 
              ‚Ėą‚ĖÄ‚ĖÄ‚ĖÄ‚ĖÄ‚ĖÄ‚ĖÄ‚ĖÄ‚Ėą‚Ėą‚Ėą‚ĖÄ‚Ėą‚ĖÄ‚ĖÄ‚Ėą‚Ėą‚Ėą‚Ėą‚ĖÄ‚ĖÄ‚ĖÄ‚ĖÄ‚ĖÄ‚ĖÄ‚ĖÄ‚Ėą
              ‚Ėą ‚Ėą‚ĖÄ‚ĖÄ‚ĖÄ‚Ėą ‚Ėą‚ĖĄ‚Ėą‚ĖĄ‚Ėą‚ĖÄ‚ĖĄ‚ĖĄ ‚ĖÄ‚Ėą ‚Ėą‚ĖÄ‚ĖÄ‚ĖÄ‚Ėą ‚Ėą
              ‚Ėą ‚Ėą   ‚Ėą ‚Ėą‚ĖĄ ‚ĖĄ‚Ėą‚ĖĄ‚ĖĄ‚ĖÄ‚ĖĄ‚ĖĄ‚Ėą ‚Ėą   ‚Ėą ‚Ėą
              ‚Ėą ‚ĖÄ‚ĖÄ‚ĖÄ‚ĖÄ‚ĖÄ ‚Ėą ‚ĖĄ‚ĖÄ‚ĖĄ ‚Ėą‚ĖÄ‚ĖĄ‚ĖÄ‚Ėą ‚ĖÄ‚ĖÄ‚ĖÄ‚ĖÄ‚ĖÄ ‚Ėą
              ‚Ėą‚ĖÄ‚ĖÄ‚ĖÄ‚ĖÄ‚ĖÄ‚Ėą‚ĖÄ‚ĖÄ‚ĖÄ ‚ĖĄ ‚ĖÄ‚ĖÄ‚ĖĄ  ‚ĖÄ‚Ėą‚ĖÄ‚Ėą‚ĖÄ‚Ėą‚ĖÄ‚Ėą‚Ėą
              ‚Ėą‚ĖĄ  ‚Ėą ‚ĖÄ‚ĖÄ ‚Ėą‚Ėą ‚Ėą‚ĖĄ‚Ėą ‚ĖÄ‚Ėą‚ĖÄ‚Ėą‚ĖÄ‚ĖÄ‚ĖÄ‚Ėą ‚ĖÄ‚Ėą
              ‚Ėą   ‚ĖÄ‚ĖÄ‚Ėą‚ĖÄ‚ĖĄ ‚ĖÄ‚ĖÄ ‚ĖÄ‚ĖÄ‚ĖĄ‚ĖÄ‚ĖÄ‚Ėą‚ĖÄ‚ĖÄ‚ĖÄ‚Ėą‚ĖÄ‚ĖÄ ‚Ėą
              ‚Ėą ‚Ėą‚Ėą ‚ĖĄ ‚ĖÄ ‚Ėą‚Ėą‚Ėą‚ĖĄ ‚Ėą‚ĖĄ‚ĖÄ‚Ėą‚ĖĄ‚ĖÄ‚Ėą‚Ėą ‚Ėą ‚ĖÄ‚Ėą
              ‚Ėą ‚Ėą‚ĖĄ‚Ėą  ‚ĖÄ‚Ėą‚ĖÄ‚ĖĄ‚Ėą‚Ėą‚ĖĄ‚ĖÄ‚ĖĄ‚Ėą ‚ĖÄ‚ĖÄ‚ĖÄ ‚ĖĄ‚ĖÄ‚Ėą‚ĖĄ‚Ėą
              ‚Ėą‚ĖÄ‚ĖÄ‚ĖÄ‚ĖÄ‚ĖÄ‚ĖÄ‚ĖÄ‚Ėą ‚Ėą ‚ĖĄ  ‚ĖĄ‚ĖĄ ‚Ėą‚ĖÄ‚Ėą   ‚ĖÄ‚ĖÄ‚Ėą
              ‚Ėą ‚Ėą‚ĖÄ‚ĖÄ‚ĖÄ‚Ėą ‚Ėą‚ĖÄ‚ĖĄ‚Ėą‚Ėą‚ĖĄ‚ĖÄ‚Ėą  ‚ĖÄ‚ĖÄ‚ĖÄ  ‚ĖÄ‚ĖĄ‚Ėą‚Ėą
              ‚Ėą ‚Ėą   ‚Ėą ‚Ėą ‚ĖĄ ‚ĖĄ ‚Ėą  ‚ĖÄ‚ĖÄ‚ĖĄ‚ĖĄ‚ĖĄ‚Ėą ‚ĖĄ ‚Ėą
              ‚Ėą ‚ĖÄ‚ĖÄ‚ĖÄ‚ĖÄ‚ĖÄ ‚Ėą ‚ĖÄ‚ĖĄ‚Ėą‚ĖĄ‚ĖÄ‚Ėą‚ĖÄ‚ĖĄ‚Ėą‚ĖĄ   ‚ĖÄ‚ĖÄ ‚Ėą
              ‚ĖÄ‚ĖÄ‚ĖÄ‚ĖÄ‚ĖÄ‚ĖÄ‚ĖÄ‚ĖÄ‚ĖÄ‚ĖÄ‚ĖÄ‚ĖÄ‚ĖÄ‚ĖÄ‚ĖÄ‚ĖÄ‚ĖÄ‚ĖÄ‚ĖÄ‚ĖÄ‚ĖÄ‚ĖÄ‚ĖÄ‚ĖÄ‚ĖÄ‚ĖÄ‚ĖÄ
 
  ‚ěú Local:    http://0.0.0.0:4000/
  ‚ěú Network:  http://83.228.244.151:4000/ [QR code]

  ‚ěú DevTools: press Shift + Alt + D in the browser (v3.2.2)

‚ĄĻ Nuxt Icon server bundle mode is set to local
‚úĒ Vite client built in 57ms
‚úĒ Vite server built in 43ms
[nitro] ‚úĒ Nuxt Nitro server built in 1201ms
‚ĄĻ Vite client warmed up in 3ms
